PRT1
116
389
4 0 13 (96 1200 128 ) (96 1787.599976 128 ) (104 1787.599976 128 ) (104 1200 128 ) 
4 0 9 (104 1787.599976 128 ) (112 1787.599976 128 ) (112 1200 128 ) (104 1200 128 ) 
4 0 8 (112 1787.599976 128 ) (153.118011 1787.599976 128 ) (153.118011 1200 128 ) (112 1200 128 ) 
4 0 5 (96 1787.599976 128 ) (96 1208 128 ) (96 1208 136 ) (96 1787.599976 136 ) 
4 0 4 (96 1200 136 ) (96 1200 200 ) (96 1787.599976 200 ) (96 1787.599976 136 ) 
4 0 2 (96 1200 200 ) (96 1200 136 ) (104 1200 136 ) (104 1200 200 ) 
4 0 1 (104 1200 128 ) (153.118011 1200 128 ) (153.118011 1200 200 ) (104 1200 200 ) 
4 1 91 (153.118011 1024 200 ) (104 1024 200 ) (104 1024 128 ) (153.118011 1024 128 ) 
4 1 18 (153.118011 1024 128 ) (104 1024 128 ) (104 1080 128 ) (153.118011 1080 128 ) 
4 1 10 (104 1144 128 ) (104 1192 128 ) (112 1192 128 ) (112 1144 128 ) 
4 1 9 (104 1192 128 ) (104 1200 128 ) (112 1200 128 ) (112 1192 128 ) 
4 1 12 (104 1080 128 ) (104 1144 128 ) (112 1144 128 ) (112 1080 128 ) 
4 1 8 (112 1200 128 ) (153.118011 1200 128 ) (153.118011 1080 128 ) (112 1080 128 ) 
4 1 2 (104 1200 200 ) (104 1200 136 ) (104 1088 136 ) (104 1088 200 ) 
4 1 3 (104 1088 128 ) (104 1024 128 ) (104 1024 200 ) (104 1088 200 ) 
4 2 4 (96 1088 136 ) (96 1088 200 ) (96 1200 200 ) (96 1200 136 ) 
4 2 3 (96 1088 200 ) (96 1088 136 ) (104 1088 136 ) (104 1088 200 ) 
4 3 91 (104 1024 200 ) (96 1024 200 ) (96 1024 128 ) (104 1024 128 ) 
4 3 18 (104 1024 128 ) (96 1024 128 ) (96 1080 128 ) (104 1080 128 ) 
4 3 13 (96 1080 128 ) (96 1088 128 ) (104 1088 128 ) (104 1080 128 ) 
4 3 7 (96 1080 128 ) (96 1024 128 ) (96 1024 136 ) (96 1080 136 ) 
4 3 4 (96 1024 136 ) (96 1024 200 ) (96 1088 200 ) (96 1088 136 ) 
4 4 92 (96 1024 200 ) (0 1024 200 ) (0 1024 136 ) (96 1024 136 ) 
4 4 22 (0 1024 136 ) (0 1024 200 ) (0 1787.599976 200 ) (0 1787.599976 136 ) 
4 4 7 (96 1080 136 ) (96 1024 136 ) (0 1024 136 ) (0 1080 136 ) 
4 4 5 (0 1787.599976 136 ) (96 1787.599976 136 ) (96 1208 136 ) (0 1208 136 ) 
4 4 6 (96 1200 136 ) (96 1088 136 ) (0 1088 136 ) (0 1200 136 ) 
4 5 23 (0 1208 136 ) (0 1787.599976 136 ) (0 1787.599976 128 ) (0 1208 128 ) 
4 5 14 (0 1208 128 ) (0 1787.599976 128 ) (96 1787.599976 128 ) (96 1208 128 ) 
4 6 24 (0 1088 136 ) (0 1200 136 ) (0 1200 128 ) (0 1088 128 ) 
4 6 14 (0 1088 128 ) (0 1200 128 ) (96 1200 128 ) (96 1088 128 ) 
4 7 92 (0 1024 136 ) (0 1024 128 ) (96 1024 128 ) (96 1024 136 ) 
4 7 25 (0 1024 128 ) (0 1024 136 ) (0 1080 136 ) (0 1080 128 ) 
4 7 19 (96 1024 128 ) (0 1024 128 ) (0 1080 128 ) (96 1080 128 ) 
4 8 18 (112 1080 -80 ) (153.118011 1080 -80 ) (153.118011 1080 128 ) (112 1080 128 ) 
4 8 10 (112 1144 104 ) (112 1144 128 ) (112 1192 128 ) (112 1192 104 ) 
4 8 11 (112 1192 -80 ) (112 1144 -80 ) (112 1144 0 ) (112 1192 0 ) 
4 8 9 (112 1787.599976 128 ) (112 1787.599976 -80 ) (112 1192 -80 ) (112 1192 128 ) 
4 8 12 (112 1144 -80 ) (112 1080 -80 ) (112 1080 128 ) (112 1144 128 ) 
4 9 16 (104 1192 0 ) (104 1192 112 ) (104 1200 112 ) (104 1200 0 ) 
4 9 17 (104 1200 -80 ) (104 1192 -80 ) (104 1192 -8 ) (104 1200 -8 ) 
4 9 15 (104 1787.599976 -80 ) (104 1200 -80 ) (104 1200 112 ) (104 1787.599976 112 ) 
4 9 13 (104 1192 112 ) (104 1192 128 ) (104 1787.599976 128 ) (104 1787.599976 112 ) 
4 9 10 (104 1192 128 ) (104 1192 104 ) (112 1192 104 ) (112 1192 128 ) 
4 9 11 (104 1192 0 ) (104 1192 -80 ) (112 1192 -80 ) (112 1192 0 ) 
4 10 16 (104 1144 104 ) (104 1144 112 ) (104 1192 112 ) (104 1192 104 ) 
4 10 13 (104 1144 112 ) (104 1144 128 ) (104 1192 128 ) (104 1192 112 ) 
4 10 12 (104 1144 128 ) (104 1144 104 ) (112 1144 104 ) (112 1144 128 ) 
4 11 17 (104 1192 -80 ) (104 1144 -80 ) (104 1144 -8 ) (104 1192 -8 ) 
4 11 12 (104 1144 0 ) (104 1144 -80 ) (112 1144 -80 ) (112 1144 0 ) 
4 12 18 (104 1080 -80 ) (112 1080 -80 ) (112 1080 128 ) (104 1080 128 ) 
4 12 16 (104 1080 0 ) (104 1080 112 ) (104 1144 112 ) (104 1144 0 ) 
4 12 17 (104 1144 -80 ) (104 1080 -80 ) (104 1080 -8 ) (104 1144 -8 ) 
4 12 13 (104 1080 112 ) (104 1080 128 ) (104 1144 128 ) (104 1144 112 ) 
4 13 18 (104 1080 112 ) (104 1080 128 ) (96 1080 128 ) (96 1080 112 ) 
4 13 16 (104 1200 112 ) (104 1080 112 ) (96 1080 112 ) (96 1200 112 ) 
4 13 15 (96 1787.599976 112 ) (104 1787.599976 112 ) (104 1200 112 ) (96 1200 112 ) 
4 13 14 (96 1787.599976 128 ) (96 1787.599976 112 ) (96 1088 112 ) (96 1088 128 ) 
4 14 56 (0 1088 128 ) (0 1200 128 ) (0 1200 120 ) (0 1088 120 ) 
4 14 57 (0 1200 120 ) (0 1200 112 ) (0 1088 112 ) (0 1088 120 ) 
4 14 55 (0 1200 128 ) (0 1208 128 ) (0 1208 112 ) (0 1200 112 ) 
4 14 54 (0 1208 128 ) (0 1216 128 ) (0 1216 112 ) (0 1208 112 ) 
4 14 31 (0 1216 128 ) (0 1368 128 ) (0 1368 112 ) (0 1216 112 ) 
4 14 30 (0 1368 128 ) (0 1787.599976 128 ) (0 1787.599976 112 ) (0 1368 112 ) 
4 14 16 (96 1200 112 ) (96 1088 112 ) (0 1088 112 ) (0 1200 112 ) 
4 14 15 (0 1787.599976 112 ) (96 1787.599976 112 ) (96 1200 112 ) (0 1200 112 ) 
4 15 90 (0 1787.599976 -8 ) (0 1787.599976 -80 ) (0 1200 -80 ) (0 1200 -8 ) 
4 15 83 (0 1368 -8 ) (0 1200 -8 ) (0 1200 0 ) (0 1368 0 ) 
4 15 81 (0 1432 -8 ) (0 1368 -8 ) (0 1368 0 ) (0 1432 0 ) 
4 15 80 (0 1787.599976 0 ) (0 1787.599976 -8 ) (0 1432 -8 ) (0 1432 0 ) 
4 15 55 (0 1208 0 ) (0 1200 0 ) (0 1200 112 ) (0 1208 112 ) 
4 15 54 (0 1216 0 ) (0 1208 0 ) (0 1208 112 ) (0 1216 112 ) 
4 15 51 (0 1360 0 ) (0 1216 0 ) (0 1216 72 ) (0 1360 72 ) 
4 15 44 (0 1216 72 ) (0 1216 104 ) (0 1360 104 ) (0 1360 72 ) 
4 15 43 (0 1216 104 ) (0 1216 112 ) (0 1360 112 ) (0 1360 104 ) 
4 15 40 (0 1368 0 ) (0 1360 0 ) (0 1360 112 ) (0 1368 112 ) 
4 15 37 (0 1432 0 ) (0 1368 0 ) (0 1368 112 ) (0 1432 112 ) 
4 15 34 (0 1787.599976 112 ) (0 1787.599976 0 ) (0 1432 0 ) (0 1432 112 ) 
4 15 16 (104 1200 0 ) (104 1200 112 ) (0 1200 112 ) (0 1200 0 ) 
4 15 17 (0 1200 -80 ) (104 1200 -80 ) (104 1200 -8 ) (0 1200 -8 ) 
4 16 73 (0 1080 0 ) (0 1080 112 ) (0 1088 112 ) (0 1088 0 ) 
4 16 57 (0 1088 112 ) (0 1200 112 ) (0 1200 0 ) (0 1088 0 ) 
4 16 20 (96 1080 112 ) (0 1080 112 ) (0 1080 0 ) (96 1080 0 ) 
4 16 18 (104 1080 0 ) (104 1080 112 ) (96 1080 112 ) (96 1080 0 ) 
4 17 90 (0 1200 -80 ) (0 1080 -80 ) (0 1080 -8 ) (0 1200 -8 ) 
4 17 21 (0 1080 -80 ) (96 1080 -80 ) (96 1080 -8 ) (0 1080 -8 ) 
4 17 18 (96 1080 -80 ) (104 1080 -80 ) (104 1080 -8 ) (96 1080 -8 ) 
4 18 91 (153.118011 1024 128 ) (96 1024 128 ) (96 1024 -80 ) (153.118011 1024 -80 ) 
4 18 20 (96 1080 112 ) (96 1080 0 ) (96 1024 0 ) (96 1024 112 ) 
4 18 21 (96 1080 -8 ) (96 1080 -80 ) (96 1024 -80 ) (96 1024 -8 ) 
4 18 19 (96 1080 128 ) (96 1080 120 ) (96 1024 120 ) (96 1024 128 ) 
4 19 92 (96 1024 128 ) (0 1024 128 ) (0 1024 120 ) (96 1024 120 ) 
4 19 75 (0 1024 120 ) (0 1024 128 ) (0 1080 128 ) (0 1080 120 ) 
4 20 93 (0 1024 112 ) (0 1024 0 ) (96 1024 0 ) (96 1024 112 ) 
4 20 76 (0 1024 0 ) (0 1024 112 ) (0 1080 112 ) (0 1080 0 ) 
4 21 94 (0 1024 -8 ) (0 1024 -80 ) (96 1024 -80 ) (96 1024 -8 ) 
4 21 90 (0 1024 -80 ) (0 1024 -8 ) (0 1080 -8 ) (0 1080 -80 ) 
4 22 105 (-16 1024 200 ) (-32 1024 200 ) (-32 1024 136 ) (-16 1024 136 ) 
4 22 99 (0 1024 136 ) (0 1024 200 ) (-16 1024 200 ) (-16 1024 136 ) 
4 22 27 (-32 1088 200 ) (-32 1200 200 ) (-32 1200 136 ) (-32 1088 136 ) 
4 22 28 (-32 1024 136 ) (-32 1024 200 ) (-32 1088 200 ) (-32 1088 136 ) 
4 22 26 (-32 1200 200 ) (-32 1787.599976 200 ) (-32 1787.599976 136 ) (-32 1200 136 ) 
4 22 25 (0 1024 136 ) (-32 1024 136 ) (-32 1080 136 ) (0 1080 136 ) 
4 22 23 (-32 1208 136 ) (-32 1787.599976 136 ) (0 1787.599976 136 ) (0 1208 136 ) 
4 22 24 (-32 1088 136 ) (-32 1200 136 ) (0 1200 136 ) (0 1088 136 ) 
4 23 54 (-32 1208 128 ) (-32 1216 128 ) (0 1216 128 ) (0 1208 128 ) 
4 23 31 (-32 1216 128 ) (-32 1368 128 ) (0 1368 128 ) (0 1216 128 ) 
4 23 30 (-32 1368 128 ) (-32 1787.599976 128 ) (0 1787.599976 128 ) (0 1368 128 ) 
4 23 26 (-32 1787.599976 128 ) (-32 1208 128 ) (-32 1208 136 ) (-32 1787.599976 136 ) 
4 24 56 (-32 1088 128 ) (-32 1200 128 ) (0 1200 128 ) (0 1088 128 ) 
4 25 105 (-16 1024 136 ) (-32 1024 136 ) (-32 1024 128 ) (-16 1024 128 ) 
4 25 99 (0 1024 128 ) (0 1024 136 ) (-16 1024 136 ) (-16 1024 128 ) 
4 25 75 (0 1024 128 ) (-16 1024 128 ) (-16 1080 128 ) (0 1080 128 ) 
4 25 77 (-16 1024 128 ) (-32 1024 128 ) (-32 1080 128 ) (-16 1080 128 ) 
4 25 28 (-32 1080 128 ) (-32 1024 128 ) (-32 1024 136 ) (-32 1080 136 ) 
4 26 72 (-673.118042 1200 128 ) (-673.118042 1216 128 ) (-488 1216 128 ) (-488 1200 128 ) 
4 26 69 (-488 1216 128 ) (-480 1216 128 ) (-480 1200 128 ) (-488 1200 128 ) 
4 26 67 (-392 1200 128 ) (-472 1200 128 ) (-472 1208 128 ) (-392 1208 128 ) 
4 26 55 (-32 1208 128 ) (-32 1200 128 ) (-384 1200 128 ) (-384 1208 128 ) 
4 26 54 (-480 1216 128 ) (-32 1216 128 ) (-32 1208 128 ) (-480 1208 128 ) 
4 26 32 (-472 1368 128 ) (-392 1368 128 ) (-392 1216 128 ) (-472 1216 128 ) 
4 26 31 (-392 1368 128 ) (-32 1368 128 ) (-32 1216 128 ) (-392 1216 128 ) 
4 26 33 (-673.118042 1216 128 ) (-673.118042 1368 128 ) (-472 1368 128 ) (-472 1216 128 ) 
4 26 30 (-673.118042 1368 128 ) (-673.118042 1787.599976 128 ) (-32 1787.599976 128 ) (-32 1368 128 ) 
4 26 27 (-32 1200 136 ) (-32 1200 200 ) (-40 1200 200 ) (-40 1200 136 ) 
4 26 29 (-673.118042 1200 200 ) (-673.118042 1200 128 ) (-40 1200 128 ) (-40 1200 200 ) 
4 27 28 (-40 1088 200 ) (-40 1088 136 ) (-32 1088 136 ) (-32 1088 200 ) 
4 27 29 (-40 1200 200 ) (-40 1200 136 ) (-40 1088 136 ) (-40 1088 200 ) 
4 28 105 (-32 1024 200 ) (-40 1024 200 ) (-40 1024 128 ) (-32 1024 128 ) 
4 28 77 (-32 1024 128 ) (-40 1024 128 ) (-40 1080 128 ) (-32 1080 128 ) 
4 28 74 (-40 1080 128 ) (-40 1088 128 ) (-32 1088 128 ) (-32 1080 128 ) 
4 28 29 (-40 1088 128 ) (-40 1024 128 ) (-40 1024 200 ) (-40 1088 200 ) 
4 29 110 (-408 1024 200 ) (-456 1024 200 ) (-456 1024 128 ) (-408 1024 128 ) 
4 29 114 (-456 1024 200 ) (-673.118042 1024 200 ) (-673.118042 1024 128 ) (-456 1024 128 ) 
4 29 106 (-368 1024 200 ) (-384 1024 200 ) (-384 1024 128 ) (-368 1024 128 ) 
4 29 105 (-40 1024 200 ) (-368 1024 200 ) (-368 1024 128 ) (-40 1024 128 ) 
4 29 109 (-384 1024 200 ) (-408 1024 200 ) (-408 1024 128 ) (-384 1024 128 ) 
4 29 79 (-152 1024 128 ) (-673.118042 1024 128 ) (-673.118042 1088 128 ) (-152 1088 128 ) 
4 29 78 (-144 1024 128 ) (-152 1024 128 ) (-152 1072 128 ) (-144 1072 128 ) 
4 29 77 (-40 1024 128 ) (-144 1024 128 ) (-144 1080 128 ) (-40 1080 128 ) 
4 29 74 (-144 1080 128 ) (-144 1088 128 ) (-40 1088 128 ) (-40 1080 128 ) 
4 29 72 (-673.118042 1088 128 ) (-673.118042 1200 128 ) (-488 1200 128 ) (-488 1088 128 ) 
4 29 70 (-480 1192 128 ) (-480 1144 128 ) (-488 1144 128 ) (-488 1192 128 ) 
4 29 69 (-488 1200 128 ) (-480 1200 128 ) (-480 1192 128 ) (-488 1192 128 ) 
4 29 71 (-480 1144 128 ) (-480 1088 128 ) (-488 1088 128 ) (-488 1144 128 ) 
4 29 68 (-472 1192 128 ) (-472 1088 128 ) (-480 1088 128 ) (-480 1192 128 ) 
4 29 67 (-472 1200 128 ) (-392 1200 128 ) (-392 1088 128 ) (-472 1088 128 ) 
4 29 66 (-384 1184 128 ) (-384 1088 128 ) (-392 1088 128 ) (-392 1184 128 ) 
4 29 63 (-280 1196 128 ) (-384 1196 128 ) (-384 1197 128 ) (-280 1197 128 ) 
4 29 62 (-248 1196 128 ) (-280 1196 128 ) (-280 1197 128 ) (-248 1197 128 ) 
4 29 60 (-200 1196 128 ) (-232 1196 128 ) (-232 1197 128 ) (-200 1197 128 ) 
4 29 59 (-144 1197 128 ) (-144 1196 128 ) (-200 1196 128 ) (-200 1197 128 ) 
4 29 61 (-232 1196 128 ) (-248 1196 128 ) (-248 1197 128 ) (-232 1197 128 ) 
4 29 58 (-384 1200 128 ) (-144 1200 128 ) (-144 1197 128 ) (-384 1197 128 ) 
4 29 65 (-144 1196 128 ) (-144 1088 128 ) (-384 1088 128 ) (-384 1196 128 ) 
4 30 38 (-496 1432 112 ) (-344 1432 112 ) (-344 1368 112 ) (-496 1368 112 ) 
4 30 39 (-673.118042 1368 112 ) (-673.118042 1432 112 ) (-504 1432 112 ) (-504 1368 112 ) 
4 30 37 (-336 1432 112 ) (0 1432 112 ) (0 1368 112 ) (-336 1368 112 ) 
4 30 35 (-496 1787.599976 112 ) (-344 1787.599976 112 ) (-344 1440 112 ) (-496 1440 112 ) 
4 30 34 (-344 1787.599976 112 ) (0 1787.599976 112 ) (0 1432 112 ) (-344 1432 112 ) 
4 30 36 (-673.118042 1432 112 ) (-673.118042 1787.599976 112 ) (-496 1787.599976 112 ) (-496 1432 112 ) 
4 30 32 (-392 1368 120 ) (-392 1368 128 ) (-472 1368 128 ) (-472 1368 120 ) 
4 30 31 (-392 1368 112 ) (0 1368 112 ) (0 1368 128 ) (-392 1368 128 ) 
4 30 33 (-673.118042 1368 128 ) (-673.118042 1368 112 ) (-472 1368 112 ) (-472 1368 128 ) 
4 31 54 (0 1216 112 ) (0 1216 128 ) (-392 1216 128 ) (-392 1216 112 ) 
4 31 43 (0 1216 112 ) (-384 1216 112 ) (-384 1360 112 ) (0 1360 112 ) 
4 31 40 (-344 1368 112 ) (0 1368 112 ) (0 1360 112 ) (-344 1360 112 ) 
4 31 32 (-392 1368 128 ) (-392 1368 120 ) (-392 1216 120 ) (-392 1216 128 ) 
4 32 54 (-392 1216 128 ) (-472 1216 128 ) (-472 1216 120 ) (-392 1216 120 ) 
4 32 33 (-472 1368 128 ) (-472 1368 120 ) (-472 1216 120 ) (-472 1216 128 ) 
4 33 72 (-488 1216 128 ) (-673.118042 1216 128 ) (-673.118042 1216 112 ) (-488 1216 112 ) 
4 33 69 (-480 1216 128 ) (-488 1216 128 ) (-488 1216 112 ) (-480 1216 112 ) 
4 33 54 (-472 1216 128 ) (-480 1216 128 ) (-480 1216 112 ) (-472 1216 112 ) 
4 33 53 (-480 1216 112 ) (-673.118042 1216 112 ) (-673.118042 1360 112 ) (-480 1360 112 ) 
4 33 42 (-673.118042 1360 112 ) (-673.118042 1368 112 ) (-496 1368 112 ) (-496 1360 112 ) 
4 34 80 (0 1787.599976 0 ) (0 1432 0 ) (-344 1432 0 ) (-344 1787.599976 0 ) 
4 34 37 (-336 1432 0 ) (0 1432 0 ) (0 1432 112 ) (-336 1432 112 ) 
4 34 35 (-344 1787.599976 112 ) (-344 1787.599976 0 ) (-344 1440 0 ) (-344 1440 112 ) 
4 35 80 (-496 1440 0 ) (-496 1787.599976 0 ) (-344 1787.599976 0 ) (-344 1440 0 ) 
4 35 36 (-496 1787.599976 112 ) (-496 1787.599976 0 ) (-496 1440 0 ) (-496 1440 112 ) 
4 36 80 (-496 1432 0 ) (-673.118042 1432 0 ) (-673.118042 1787.599976 0 ) (-496 1787.599976 0 ) 
4 36 39 (-673.118042 1432 0 ) (-504 1432 0 ) (-504 1432 112 ) (-673.118042 1432 112 ) 
4 37 81 (0 1432 0 ) (0 1368 0 ) (-336 1368 0 ) (-336 1432 0 ) 
4 37 40 (-336 1368 0 ) (0 1368 0 ) (0 1368 112 ) (-336 1368 112 ) 
4 38 41 (-472 1368 0 ) (-392 1368 0 ) (-392 1368 112 ) (-472 1368 112 ) 
4 39 82 (-504 1368 0 ) (-673.118042 1368 0 ) (-673.118042 1432 0 ) (-504 1432 0 ) 
4 39 42 (-673.118042 1368 0 ) (-504 1368 0 ) (-504 1368 112 ) (-673.118042 1368 112 ) 
4 40 83 (0 1368 0 ) (0 1360 0 ) (-344 1360 0 ) (-344 1368 0 ) 
4 40 51 (-344 1360 0 ) (0 1360 0 ) (0 1360 72 ) (-344 1360 72 ) 
4 40 44 (0 1360 72 ) (0 1360 104 ) (-344 1360 104 ) (-344 1360 72 ) 
4 40 43 (0 1360 104 ) (0 1360 112 ) (-344 1360 112 ) (-344 1360 104 ) 
4 41 52 (-472 1360 0 ) (-392 1360 0 ) (-392 1360 112 ) (-472 1360 112 ) 
4 42 85 (-496 1360 0 ) (-673.118042 1360 0 ) (-673.118042 1368 0 ) (-496 1368 0 ) 
4 42 53 (-673.118042 1360 0 ) (-496 1360 0 ) (-496 1360 112 ) (-673.118042 1360 112 ) 
4 43 54 (0 1216 104 ) (0 1216 112 ) (-384 1216 112 ) (-384 1216 104 ) 
4 43 44 (0 1216 104 ) (-384 1216 104 ) (-384 1360 104 ) (0 1360 104 ) 
4 44 54 (0 1216 72 ) (0 1216 104 ) (-384 1216 104 ) (-384 1216 72 ) 
4 44 51 (0 1216 72 ) (-384 1216 72 ) (-384 1360 72 ) (0 1360 72 ) 
4 44 48 (-384 1256 72 ) (-384 1224 72 ) (-384 1224 104 ) (-384 1256 104 ) 
4 44 45 (-384 1304 72 ) (-384 1272 72 ) (-384 1272 104 ) (-384 1304 104 ) 
4 45 46 (-387 1304 104 ) (-387 1304 72 ) (-387 1272 72 ) (-387 1272 104 ) 
4 46 47 (-389 1304 104 ) (-389 1304 72 ) (-389 1272 72 ) (-389 1272 104 ) 
4 47 52 (-392 1304 72 ) (-392 1272 72 ) (-392 1272 104 ) (-392 1304 104 ) 
4 48 49 (-387 1256 104 ) (-387 1256 72 ) (-387 1224 72 ) (-387 1224 104 ) 
4 49 50 (-389 1256 104 ) (-389 1256 72 ) (-389 1224 72 ) (-389 1224 104 ) 
4 50 52 (-392 1256 72 ) (-392 1224 72 ) (-392 1224 104 ) (-392 1256 104 ) 
4 51 83 (0 1360 0 ) (0 1216 0 ) (-384 1216 0 ) (-384 1360 0 ) 
4 51 54 (-384 1216 0 ) (0 1216 0 ) (0 1216 72 ) (-384 1216 72 ) 
4 52 54 (-472 1216 0 ) (-392 1216 0 ) (-392 1216 112 ) (-472 1216 112 ) 
4 53 85 (-480 1216 0 ) (-673.118042 1216 0 ) (-673.118042 1360 0 ) (-480 1360 0 ) 
4 53 72 (-673.118042 1216 0 ) (-488 1216 0 ) (-488 1216 112 ) (-673.118042 1216 112 ) 
4 53 69 (-488 1216 0 ) (-480 1216 0 ) (-480 1216 112 ) (-488 1216 112 ) 
4 54 83 (0 1216 0 ) (0 1208 0 ) (-392 1208 0 ) (-392 1216 0 ) 
4 54 85 (-472 1208 0 ) (-480 1208 0 ) (-480 1216 0 ) (-472 1216 0 ) 
4 54 69 (-480 1216 128 ) (-480 1216 0 ) (-480 1208 0 ) (-480 1208 128 ) 
4 54 67 (-472 1208 0 ) (-392 1208 0 ) (-392 1208 128 ) (-472 1208 128 ) 
4 54 55 (-384 1208 0 ) (0 1208 0 ) (0 1208 128 ) (-384 1208 128 ) 
4 55 83 (0 1208 0 ) (0 1200 0 ) (-384 1200 0 ) (-384 1208 0 ) 
4 55 58 (-384 1200 128 ) (-384 1200 0 ) (-144 1200 0 ) (-144 1200 128 ) 
4 55 56 (0 1200 120 ) (0 1200 128 ) (-32 1200 128 ) (-32 1200 120 ) 
4 55 57 (-144 1200 0 ) (0 1200 0 ) (0 1200 120 ) (-144 1200 120 ) 
4 56 57 (0 1088 120 ) (-32 1088 120 ) (-32 1200 120 ) (0 1200 120 ) 
4 57 73 (-32 1088 0 ) (0 1088 0 ) (0 1088 112 ) (-32 1088 112 ) 
4 57 74 (-144 1088 0 ) (-32 1088 0 ) (-32 1088 120 ) (-144 1088 120 ) 
4 57 59 (-144 1196 88 ) (-144 1196 120 ) (-144 1197 120 ) (-144 1197 88 ) 
4 57 64 (-144 1197 0 ) (-144 1196 0 ) (-144 1196 88 ) (-144 1197 88 ) 
4 57 58 (-144 1200 120 ) (-144 1200 0 ) (-144 1197 0 ) (-144 1197 120 ) 
4 57 65 (-144 1196 0 ) (-144 1088 0 ) (-144 1088 120 ) (-144 1196 120 ) 
4 58 87 (-384 1197 0 ) (-384 1200 0 ) (-144 1200 0 ) (-144 1197 0 ) 
4 58 63 (-384 1197 128 ) (-384 1197 88 ) (-280 1197 88 ) (-280 1197 128 ) 
4 58 62 (-280 1197 88 ) (-248 1197 88 ) (-248 1197 128 ) (-280 1197 128 ) 
4 58 60 (-232 1197 88 ) (-200 1197 88 ) (-200 1197 128 ) (-232 1197 128 ) 
4 58 59 (-200 1197 88 ) (-144 1197 88 ) (-144 1197 128 ) (-200 1197 128 ) 
4 58 61 (-248 1197 88 ) (-232 1197 88 ) (-232 1197 128 ) (-248 1197 128 ) 
4 58 64 (-384 1197 88 ) (-384 1197 0 ) (-144 1197 0 ) (-144 1197 88 ) 
4 59 64 (-144 1196 88 ) (-200 1196 88 ) (-200 1197 88 ) (-144 1197 88 ) 
4 59 65 (-200 1196 88 ) (-144 1196 88 ) (-144 1196 128 ) (-200 1196 128 ) 
4 59 60 (-200 1197 128 ) (-200 1197 88 ) (-200 1196 88 ) (-200 1196 128 ) 
4 60 61 (-232 1197 128 ) (-232 1197 88 ) (-232 1196 88 ) (-232 1196 128 ) 
4 60 64 (-200 1196 88 ) (-232 1196 88 ) (-232 1197 88 ) (-200 1197 88 ) 
4 60 65 (-232 1196 88 ) (-200 1196 88 ) (-200 1196 128 ) (-232 1196 128 ) 
4 61 62 (-248 1197 128 ) (-248 1197 88 ) (-248 1196 88 ) (-248 1196 128 ) 
4 61 65 (-248 1196 88 ) (-232 1196 88 ) (-232 1196 128 ) (-248 1196 128 ) 
4 61 64 (-232 1196 88 ) (-248 1196 88 ) (-248 1197 88 ) (-232 1197 88 ) 
4 62 65 (-280 1196 88 ) (-248 1196 88 ) (-248 1196 128 ) (-280 1196 128 ) 
4 62 64 (-248 1196 88 ) (-280 1196 88 ) (-280 1197 88 ) (-248 1197 88 ) 
4 62 63 (-280 1197 128 ) (-280 1197 88 ) (-280 1196 88 ) (-280 1196 128 ) 
4 63 65 (-384 1196 128 ) (-384 1196 88 ) (-280 1196 88 ) (-280 1196 128 ) 
4 63 64 (-280 1196 88 ) (-384 1196 88 ) (-384 1197 88 ) (-280 1197 88 ) 
4 64 87 (-384 1196 0 ) (-384 1197 0 ) (-144 1197 0 ) (-144 1196 0 ) 
4 64 65 (-384 1196 88 ) (-384 1196 0 ) (-144 1196 0 ) (-144 1196 88 ) 
4 65 87 (-384 1192 0 ) (-384 1196 0 ) (-144 1196 0 ) (-144 1192 0 ) 
4 65 79 (-384 1088 0 ) (-152 1088 0 ) (-152 1088 128 ) (-384 1088 128 ) 
4 65 66 (-384 1184 0 ) (-384 1088 0 ) (-384 1088 128 ) (-384 1184 128 ) 
4 66 89 (-384 1088 0 ) (-392 1088 0 ) (-392 1184 0 ) (-384 1184 0 ) 
4 66 79 (-392 1088 0 ) (-384 1088 0 ) (-384 1088 128 ) (-392 1088 128 ) 
4 66 67 (-392 1184 0 ) (-392 1088 0 ) (-392 1088 128 ) (-392 1184 128 ) 
4 67 89 (-392 1088 0 ) (-472 1088 0 ) (-472 1200 0 ) (-392 1200 0 ) 
4 67 84 (-472 1200 0 ) (-472 1208 0 ) (-392 1208 0 ) (-392 1200 0 ) 
4 67 79 (-472 1088 0 ) (-392 1088 0 ) (-392 1088 128 ) (-472 1088 128 ) 
4 67 68 (-472 1192 0 ) (-472 1088 0 ) (-472 1088 128 ) (-472 1192 128 ) 
4 68 89 (-472 1088 0 ) (-480 1088 0 ) (-480 1192 0 ) (-472 1192 0 ) 
4 68 79 (-480 1088 0 ) (-472 1088 0 ) (-472 1088 128 ) (-480 1088 128 ) 
4 68 70 (-480 1144 104 ) (-480 1144 128 ) (-480 1192 128 ) (-480 1192 104 ) 
4 68 71 (-480 1144 0 ) (-480 1088 0 ) (-480 1088 128 ) (-480 1144 128 ) 
4 69 89 (-488 1192 0 ) (-488 1200 0 ) (-480 1200 0 ) (-480 1192 0 ) 
4 69 85 (-488 1200 0 ) (-488 1216 0 ) (-480 1216 0 ) (-480 1200 0 ) 
4 69 72 (-488 1216 128 ) (-488 1216 0 ) (-488 1192 0 ) (-488 1192 128 ) 
4 69 70 (-488 1192 128 ) (-488 1192 104 ) (-480 1192 104 ) (-480 1192 128 ) 
4 70 72 (-488 1144 104 ) (-488 1144 128 ) (-488 1192 128 ) (-488 1192 104 ) 
4 70 71 (-488 1144 128 ) (-488 1144 104 ) (-480 1144 104 ) (-480 1144 128 ) 
4 71 89 (-480 1088 0 ) (-488 1088 0 ) (-488 1144 0 ) (-480 1144 0 ) 
4 71 79 (-488 1088 0 ) (-480 1088 0 ) (-480 1088 128 ) (-488 1088 128 ) 
4 71 72 (-488 1144 0 ) (-488 1088 0 ) (-488 1088 128 ) (-488 1144 128 ) 
4 72 89 (-488 1088 0 ) (-673.118042 1088 0 ) (-673.118042 1200 0 ) (-488 1200 0 ) 
4 72 85 (-673.118042 1200 0 ) (-673.118042 1216 0 ) (-488 1216 0 ) (-488 1200 0 ) 
4 72 79 (-673.118042 1088 0 ) (-488 1088 0 ) (-488 1088 128 ) (-673.118042 1088 128 ) 
4 73 76 (-16 1080 0 ) (0 1080 0 ) (0 1080 112 ) (-16 1080 112 ) 
4 73 77 (-32 1080 0 ) (-16 1080 0 ) (-16 1080 112 ) (-32 1080 112 ) 
4 73 74 (-32 1088 112 ) (-32 1088 0 ) (-32 1080 0 ) (-32 1080 112 ) 
4 74 77 (-144 1080 128 ) (-144 1080 0 ) (-32 1080 0 ) (-32 1080 128 ) 
4 75 99 (0 1024 120 ) (0 1024 128 ) (-16 1024 128 ) (-16 1024 120 ) 
4 75 77 (-16 1080 128 ) (-16 1080 120 ) (-16 1024 120 ) (-16 1024 128 ) 
4 76 100 (0 1024 0 ) (0 1024 112 ) (-16 1024 112 ) (-16 1024 0 ) 
4 76 77 (-16 1080 112 ) (-16 1080 0 ) (-16 1024 0 ) (-16 1024 112 ) 
4 77 105 (-16 1024 128 ) (-144 1024 128 ) (-144 1024 0 ) (-16 1024 0 ) 
4 77 86 (-16 1024 0 ) (-144 1024 0 ) (-144 1080 0 ) (-16 1080 0 ) 
4 77 78 (-144 1072 0 ) (-144 1024 0 ) (-144 1024 128 ) (-144 1072 128 ) 
4 78 105 (-144 1024 128 ) (-152 1024 128 ) (-152 1024 0 ) (-144 1024 0 ) 
4 78 88 (-144 1024 0 ) (-152 1024 0 ) (-152 1072 0 ) (-144 1072 0 ) 
4 78 79 (-152 1072 0 ) (-152 1024 0 ) (-152 1024 128 ) (-152 1072 128 ) 
4 79 110 (-408 1024 128 ) (-456 1024 128 ) (-456 1024 0 ) (-408 1024 0 ) 
4 79 114 (-456 1024 128 ) (-673.118042 1024 128 ) (-673.118042 1024 0 ) (-456 1024 0 ) 
4 79 106 (-368 1024 128 ) (-384 1024 128 ) (-384 1024 0 ) (-368 1024 0 ) 
4 79 105 (-152 1024 128 ) (-368 1024 128 ) (-368 1024 0 ) (-152 1024 0 ) 
4 79 109 (-384 1024 128 ) (-408 1024 128 ) (-408 1024 0 ) (-384 1024 0 ) 
4 79 88 (-152 1024 0 ) (-384 1024 0 ) (-384 1072 0 ) (-152 1072 0 ) 
4 79 89 (-384 1024 0 ) (-673.118042 1024 0 ) (-673.118042 1088 0 ) (-384 1088 0 ) 
4 80 90 (-673.118042 1432 -8 ) (-673.118042 1787.599976 -8 ) (0 1787.599976 -8 ) (0 1432 -8 ) 
4 80 81 (-344 1432 -8 ) (0 1432 -8 ) (0 1432 0 ) (-344 1432 0 ) 
4 80 82 (-673.118042 1432 0 ) (-673.118042 1432 -8 ) (-496 1432 -8 ) (-496 1432 0 ) 
4 81 90 (-344 1432 -8 ) (0 1432 -8 ) (0 1368 -8 ) (-344 1368 -8 ) 
4 81 83 (-344 1368 -8 ) (0 1368 -8 ) (0 1368 0 ) (-344 1368 0 ) 
4 82 90 (-673.118042 1368 -8 ) (-673.118042 1432 -8 ) (-496 1432 -8 ) (-496 1368 -8 ) 
4 82 85 (-673.118042 1368 0 ) (-673.118042 1368 -8 ) (-496 1368 -8 ) (-496 1368 0 ) 
4 83 90 (-392 1368 -8 ) (0 1368 -8 ) (0 1200 -8 ) (-392 1200 -8 ) 
4 83 87 (-384 1200 -8 ) (-144 1200 -8 ) (-144 1200 0 ) (-384 1200 0 ) 
4 83 89 (-392 1200 -8 ) (-384 1200 -8 ) (-384 1200 0 ) (-392 1200 0 ) 
4 83 84 (-392 1208 -8 ) (-392 1200 -8 ) (-392 1200 0 ) (-392 1208 0 ) 
4 84 90 (-392 1208 -8 ) (-392 1200 -8 ) (-472 1200 -8 ) (-472 1208 -8 ) 
4 84 89 (-472 1200 -8 ) (-392 1200 -8 ) (-392 1200 0 ) (-472 1200 0 ) 
4 84 85 (-472 1208 -8 ) (-472 1200 -8 ) (-472 1200 0 ) (-472 1208 0 ) 
4 85 90 (-673.118042 1200 -8 ) (-673.118042 1368 -8 ) (-472 1368 -8 ) (-472 1200 -8 ) 
4 85 89 (-673.118042 1200 0 ) (-673.118042 1200 -8 ) (-472 1200 -8 ) (-472 1200 0 ) 
4 86 105 (-16 1024 0 ) (-144 1024 0 ) (-144 1024 -8 ) (-16 1024 -8 ) 
4 86 90 (-16 1024 -8 ) (-144 1024 -8 ) (-144 1080 -8 ) (-16 1080 -8 ) 
4 86 88 (-144 1072 -8 ) (-144 1024 -8 ) (-144 1024 0 ) (-144 1072 0 ) 
4 87 90 (-384 1192 -8 ) (-384 1200 -8 ) (-144 1200 -8 ) (-144 1192 -8 ) 
4 87 89 (-384 1200 0 ) (-384 1200 -8 ) (-384 1192 -8 ) (-384 1192 0 ) 
4 88 106 (-368 1024 0 ) (-384 1024 0 ) (-384 1024 -8 ) (-368 1024 -8 ) 
4 88 105 (-144 1024 0 ) (-368 1024 0 ) (-368 1024 -8 ) (-144 1024 -8 ) 
4 88 90 (-144 1024 -8 ) (-384 1024 -8 ) (-384 1072 -8 ) (-144 1072 -8 ) 
4 88 89 (-384 1072 -8 ) (-384 1024 -8 ) (-384 1024 0 ) (-384 1072 0 ) 
4 89 110 (-408 1024 0 ) (-456 1024 0 ) (-456 1024 -8 ) (-408 1024 -8 ) 
4 89 114 (-456 1024 0 ) (-673.118042 1024 0 ) (-673.118042 1024 -8 ) (-456 1024 -8 ) 
4 89 109 (-384 1024 0 ) (-408 1024 0 ) (-408 1024 -8 ) (-384 1024 -8 ) 
4 89 90 (-384 1024 -8 ) (-673.118042 1024 -8 ) (-673.118042 1200 -8 ) (-384 1200 -8 ) 
4 90 110 (-408 1024 -8 ) (-456 1024 -8 ) (-456 1024 -80 ) (-408 1024 -80 ) 
4 90 114 (-456 1024 -8 ) (-673.118042 1024 -8 ) (-673.118042 1024 -80 ) (-456 1024 -80 ) 
4 90 106 (-368 1024 -8 ) (-384 1024 -8 ) (-384 1024 -80 ) (-368 1024 -80 ) 
4 90 105 (-16 1024 -8 ) (-368 1024 -8 ) (-368 1024 -80 ) (-16 1024 -80 ) 
4 90 109 (-384 1024 -8 ) (-408 1024 -8 ) (-408 1024 -80 ) (-384 1024 -80 ) 
4 90 101 (0 1024 -80 ) (0 1024 -8 ) (-16 1024 -8 ) (-16 1024 -80 ) 
4 91 95 (96 896 -80 ) (153.118011 896 -80 ) (153.118011 896 200 ) (96 896 200 ) 
4 91 93 (96 896 0 ) (96 896 112 ) (96 1024 112 ) (96 1024 0 ) 
4 91 94 (96 1024 -80 ) (96 896 -80 ) (96 896 -8 ) (96 1024 -8 ) 
4 91 92 (96 896 120 ) (96 896 200 ) (96 1024 200 ) (96 1024 120 ) 
4 92 99 (0 1024 200 ) (0 1024 120 ) (0 896 120 ) (0 896 200 ) 
4 92 96 (96 896 120 ) (96 896 200 ) (0 896 200 ) (0 896 120 ) 
4 93 100 (0 1024 112 ) (0 1024 0 ) (0 896 0 ) (0 896 112 ) 
4 94 101 (0 1024 -8 ) (0 1024 -80 ) (0 896 -80 ) (0 896 -8 ) 
4 94 97 (0 896 -80 ) (96 896 -80 ) (96 896 -8 ) (0 896 -8 ) 
4 95 98 (96 888 -80 ) (153.118011 888 -80 ) (153.118011 888 200 ) (96 888 200 ) 
4 95 96 (96 896 200 ) (96 896 112 ) (96 888 112 ) (96 888 200 ) 
4 95 97 (96 896 0 ) (96 896 -80 ) (96 888 -80 ) (96 888 0 ) 
4 96 102 (0 888 112 ) (0 888 200 ) (0 896 200 ) (0 896 112 ) 
4 96 98 (96 888 112 ) (96 888 200 ) (0 888 200 ) (0 888 112 ) 
4 97 103 (0 896 -80 ) (0 888 -80 ) (0 888 0 ) (0 896 0 ) 
4 97 98 (0 888 -80 ) (96 888 -80 ) (96 888 0 ) (0 888 0 ) 
4 98 104 (0 888 -80 ) (0 844.400085 -80 ) (0 844.400085 200 ) (0 888 200 ) 
4 99 115 (-16 896 120 ) (-16 896 200 ) (-16 904 200 ) (-16 904 120 ) 
4 99 105 (-16 904 200 ) (-16 1024 200 ) (-16 1024 120 ) (-16 904 120 ) 
4 99 102 (-16 896 200 ) (-16 896 120 ) (0 896 120 ) (0 896 200 ) 
4 100 115 (-16 896 0 ) (-16 896 112 ) (-16 904 112 ) (-16 904 0 ) 
4 100 105 (-16 904 112 ) (-16 1024 112 ) (-16 1024 0 ) (-16 904 0 ) 
4 101 115 (-16 904 -80 ) (-16 896 -80 ) (-16 896 -8 ) (-16 904 -8 ) 
4 101 105 (-16 1024 -80 ) (-16 904 -80 ) (-16 904 -8 ) (-16 1024 -8 ) 
4 101 103 (-16 896 -8 ) (-16 896 -80 ) (0 896 -80 ) (0 896 -8 ) 
4 102 115 (-16 888 112 ) (-16 888 200 ) (-16 896 200 ) (-16 896 112 ) 
4 102 104 (-16 888 200 ) (-16 888 112 ) (0 888 112 ) (0 888 200 ) 
4 103 115 (-16 896 -80 ) (-16 888 -80 ) (-16 888 0 ) (-16 896 0 ) 
4 103 104 (-16 888 0 ) (-16 888 -80 ) (0 888 -80 ) (0 888 0 ) 
4 104 115 (-16 888 -80 ) (-16 844.400085 -80 ) (-16 844.400085 200 ) (-16 888 200 ) 
4 105 115 (-368 904 -80 ) (-16 904 -80 ) (-16 904 200 ) (-368 904 200 ) 
4 105 107 (-368 904 136 ) (-368 904 200 ) (-368 920 200 ) (-368 920 136 ) 
4 105 108 (-368 920 -80 ) (-368 904 -80 ) (-368 904 128 ) (-368 920 128 ) 
4 105 106 (-368 1024 -80 ) (-368 920 -80 ) (-368 920 200 ) (-368 1024 200 ) 
4 106 107 (-384 920 200 ) (-384 920 136 ) (-368 920 136 ) (-368 920 200 ) 
4 106 108 (-384 920 128 ) (-384 920 -80 ) (-368 920 -80 ) (-368 920 128 ) 
4 106 109 (-384 1024 -80 ) (-384 920 -80 ) (-384 920 200 ) (-384 1024 200 ) 
4 107 115 (-368 904 136 ) (-368 904 200 ) (-384 904 200 ) (-384 904 136 ) 
4 107 109 (-384 904 136 ) (-384 904 200 ) (-384 920 200 ) (-384 920 136 ) 
4 108 115 (-384 904 -80 ) (-368 904 -80 ) (-368 904 128 ) (-384 904 128 ) 
4 108 109 (-384 920 -80 ) (-384 904 -80 ) (-384 904 128 ) (-384 920 128 ) 
4 109 115 (-408 904 -80 ) (-384 904 -80 ) (-384 904 200 ) (-408 904 200 ) 
4 109 111 (-408 952 192 ) (-408 952 200 ) (-408 1016 200 ) (-408 1016 192 ) 
4 109 112 (-408 1016 -80 ) (-408 952 -80 ) (-408 952 184 ) (-408 1016 184 ) 
4 109 110 (-408 1024 -80 ) (-408 1016 -80 ) (-408 1016 200 ) (-408 1024 200 ) 
4 109 113 (-408 952 -80 ) (-408 904 -80 ) (-408 904 200 ) (-408 952 200 ) 
4 110 111 (-456 1016 200 ) (-456 1016 192 ) (-408 1016 192 ) (-408 1016 200 ) 
4 110 112 (-456 1016 184 ) (-456 1016 -80 ) (-408 1016 -80 ) (-408 1016 184 ) 
4 110 114 (-456 1024 -80 ) (-456 1016 -80 ) (-456 1016 200 ) (-456 1024 200 ) 
4 111 113 (-456 952 200 ) (-456 952 192 ) (-408 952 192 ) (-408 952 200 ) 
4 111 114 (-456 952 192 ) (-456 952 200 ) (-456 1016 200 ) (-456 1016 192 ) 
4 112 114 (-456 1016 -80 ) (-456 952 -80 ) (-456 952 184 ) (-456 1016 184 ) 
4 112 113 (-456 952 184 ) (-456 952 -80 ) (-408 952 -80 ) (-408 952 184 ) 
4 113 115 (-456 904 -80 ) (-408 904 -80 ) (-408 904 200 ) (-456 904 200 ) 
4 113 114 (-456 952 -80 ) (-456 904 -80 ) (-456 904 200 ) (-456 952 200 ) 
4 114 115 (-673.118042 904 200 ) (-673.118042 904 -80 ) (-456 904 -80 ) (-456 904 200 ) 
